#
# There is insufficient memory for the Java Runtime Environment to continue.
# Native memory allocation (malloc) failed to allocate 32744 bytes for ChunkPool::allocate
# Possible reasons:
#   The system is out of physical RAM or swap space
#   In 32 bit mode, the process size limit was hit
# Possible solutions:
#   Reduce memory load on the system
#   Increase physical memory or swap space
#   Check if swap backing store is full
#   Use 64 bit Java on a 64 bit OS
#   Decrease Java heap size (-Xmx/-Xms)
#   Decrease number of Java threads
#   Decrease Java thread stack sizes (-Xss)
#   Set larger code cache with -XX:ReservedCodeCacheSize=
# This output file may be truncated or incomplete.
#
#  Out of Memory Error (allocation.cpp:273), pid=5704, tid=9952
#
# JRE version: Java(TM) SE Runtime Environment (8.0_65-b17) (build 1.8.0_65-b17)
# Java VM: Java HotSpot(TM) 64-Bit Server VM (25.65-b01 mixed mode windows-amd64 compressed oops)
# Failed to write core dump. Minidumps are not enabled by default on client versions of Windows
#

---------------  T H R E A D  ---------------

Current thread (0x00000000177b1800):  JavaThread "C1 CompilerThread3" daemon [_thread_in_native, id=9952, stack(0x0000000018030000,0x0000000018130000)]

Stack: [0x0000000018030000,0x0000000018130000]
[error occurred during error reporting (printing stack bounds), id 0xc0000005]

Native frames: (J=compiled Java code, j=interpreted, Vv=VM code, C=native code)


Current CompileTask:
C1:    156   82       3       sun.nio.cs.UTF_8$Decoder::decode (779 bytes)


---------------  P R O C E S S  ---------------

Java Threads: ( => current thread )
  0x000000001780b000 JavaThread "Service Thread" daemon [_thread_blocked, id=2452, stack(0x0000000018130000,0x0000000018230000)]
=>0x00000000177b1800 JavaThread "C1 CompilerThread3" daemon [_thread_in_native, id=9952, stack(0x0000000018030000,0x0000000018130000)]
  0x00000000177a0000 JavaThread "C2 CompilerThread2" daemon [_thread_blocked, id=8652, stack(0x0000000017f30000,0x0000000018030000)]
  0x0000000017765000 JavaThread "C2 CompilerThread1" daemon [_thread_blocked, id=1124, stack(0x0000000017e30000,0x0000000017f30000)]
  0x000000001775a000 JavaThread "C2 CompilerThread0" daemon [_thread_blocked, id=7372, stack(0x0000000017d30000,0x0000000017e30000)]
  0x0000000017757000 JavaThread "Attach Listener" daemon [_thread_blocked, id=3952, stack(0x0000000017c30000,0x0000000017d30000)]
  0x0000000017756000 JavaThread "Signal Dispatcher" daemon [_thread_blocked, id=6372, stack(0x0000000017b30000,0x0000000017c30000)]
  0x0000000002abb000 JavaThread "Finalizer" daemon [_thread_blocked, id=9924, stack(0x00000000174b0000,0x00000000175b0000)]
  0x0000000002ab4800 JavaThread "Reference Handler" daemon [_thread_blocked, id=10060, stack(0x00000000173b0000,0x00000000174b0000)]
  0x0000000000fcd800 JavaThread "main" [_thread_in_vm, id=7876, stack(0x00000000027d0000,0x00000000028d0000)]

Other Threads:
  0x00000000155d9800 VMThread [stack: 0x00000000172b0000,0x00000000173b0000] [id=9632]
  0x000000001780d800 WatcherThread [stack: 0x0000000018230000,0x0000000018330000] [id=4452]

VM state:not at safepoint (normal execution)

VM Mutex/Monitor currently owned by a thread:  ([mutex/lock_event])
[0x0000000000fcc940] AdapterHandlerLibrary_lock - owner thread: 0x0000000000fcd800

Heap:
 PSYoungGen      total 38400K, used 2665K [0x00000000eab00000, 0x00000000ed580000, 0x0000000100000000)
  eden space 33280K, 8% used [0x00000000eab00000,0x00000000ead9a6f0,0x00000000ecb80000)
  from space 5120K, 0% used [0x00000000ed080000,0x00000000ed080000,0x00000000ed580000)
  to   space 5120K, 0% used [0x00000000ecb80000,0x00000000ecb80000,0x00000000ed080000)
 ParOldGen       total 87552K, used 0K [0x00000000c0000000, 0x00000000c5580000, 0x00000000eab00000)
  object space 87552K, 0% used [0x00000000c0000000,0x00000000c0000000,0x00000000c5580000)
 Metaspace       used 3259K, capacity 4720K, committed 4864K, reserved 1056768K
  class space    used 363K, capacity 424K, committed 512K, reserved 1048576K

Card table byte_map: [0x0000000011e80000,0x0000000012090000] byte_map_base: 0x0000000011880000

Marking Bits: (ParMarkBitMap*) 0x000000006a0fa5b0
 Begin Bits: [0x00000000129f0000, 0x00000000139f0000)
 End Bits:   [0x00000000139f0000, 0x00000000149f0000)

Polling page: 0x0000000000fb0000

CodeCache: size=245760Kb used=1204Kb max_used=1204Kb free=244555Kb
 bounds [0x0000000002ac0000, 0x0000000002d30000, 0x0000000011ac0000]
 total_blobs=322 nmethods=82 adapters=153
 compilation: enabled

Compilation events (10 events):
Event: 0.149 Thread 0x00000000177b1800 nmethod 75 0x0000000002beb690 code [0x0000000002beb7e0, 0x0000000002beb950]
Event: 0.150 Thread 0x00000000177b1800   76       3       java.util.zip.ZipFile::access$400 (5 bytes)
Event: 0.150 Thread 0x00000000177b1800 nmethod 76 0x0000000002beb9d0 code [0x0000000002bebb20, 0x0000000002bebc50]
Event: 0.152 Thread 0x00000000177b1800   78       1       java.util.zip.ZipFile::access$300 (5 bytes)
Event: 0.152 Thread 0x00000000177b1800 nmethod 78 0x0000000002bec0d0 code [0x0000000002bec220, 0x0000000002bec310]
Event: 0.152 Thread 0x00000000177b1800   79       3       java.util.zip.ZipFile::ensureOpen (37 bytes)
Event: 0.152 Thread 0x00000000177b1800 nmethod 79 0x0000000002bec390 code [0x0000000002bec520, 0x0000000002bec7f8]
Event: 0.152 Thread 0x00000000177b1800   80       1       java.util.zip.ZipCoder::isUTF8 (5 bytes)
Event: 0.152 Thread 0x00000000177b1800 nmethod 80 0x0000000002bec910 code [0x0000000002beca60, 0x0000000002becb70]
Event: 0.153 Thread 0x00000000177b1800   82       3       sun.nio.cs.UTF_8$Decoder::decode (779 bytes)

GC Heap History (0 events):
No events

Deoptimization events (0 events):
No events

Internal exceptions (2 events):
Event: 0.046 Thread 0x0000000000fcd800 Exception <a 'java/lang/NoSuchMethodError': Method sun.misc.Unsafe.defineClass(Ljava/lang/String;[BII)Ljava/lang/Class; name or signature does not match> (0x00000000eab0d810) thrown at [C:\workspace\8-2-build-windows-amd64-cygwin\jdk8u65\4987\hotspot\src\s¾¥±Zf§?
Event: 0.046 Thread 0x0000000000fcd800 Exception <a 'java/lang/NoSuchMethodError': Method sun.misc.Unsafe.prefetchRead(Ljava/lang/Object;J)V name or signature does not match> (0x00000000eab0daf8) thrown at [C:\workspace\8-2-build-windows-amd64-cygwin\jdk8u65\4987\hotspot\src\share\vm\prims\jni.

Events (10 events):
Event: 0.148 loading class java/util/concurrent/LinkedBlockingQueue$Node
Event: 0.148 loading class java/util/concurrent/LinkedBlockingQueue$Node done
Event: 0.148 loading class com/android/dx/cf/direct/ClassPathOpener
Event: 0.148 loading class com/android/dx/cf/direct/ClassPathOpener done
Event: 0.149 loading class com/android/dx/cf/direct/ClassPathOpener$1
Event: 0.149 loading class com/android/dx/cf/direct/ClassPathOpener$1 done
Event: 0.149 loading class com/android/dx/command/dexer/Main$FileBytesConsumer
Event: 0.149 loading class com/android/dx/command/dexer/Main$FileBytesConsumer done
Event: 0.150 loading class java/util/zip/ZipFile$ZipEntryIterator
Event: 0.150 loading class java/util/zip/ZipFile$ZipEntryIterator done


Dynamic libraries:
0x00007ff7c1f00000 - 0x00007ff7c1f37000 	C:\Program Files\Java\jdk1.8.0_65\bin\java.exe
0x00007ffbb5850000 - 0x00007ffbb59fc000 	C:\Windows\SYSTEM32\ntdll.dll
0x00007ffbb30d0000 - 0x00007ffbb320e000 	C:\Windows\system32\KERNEL32.DLL
0x00007ffbb2b20000 - 0x00007ffbb2c35000 	C:\Windows\system32\NSI.dll
0x00007ffbb1520000 - 0x00007ffbb15ae000 	C:\Windows\system32\apphelp.dll
0x00007ffbad090000 - 0x00007ffbad0e3000 	C:\Windows\SYSTEM32\cfgmgr32.dll
0x00007ffbb5730000 - 0x00007ffbb57da000 	C:\Windows\system32\msvcrt.dll
0x00007ffbb27d0000 - 0x00007ffbb27fe000 	C:\Windows\SYSTEM32\SspiCli.dll
0x00007ffbb33b0000 - 0x00007ffbb3404000 	C:\Windows\system32\SHLWAPI.dll
0x00007ffbb5070000 - 0x00007ffbb51e7000 	C:\Windows\system32\USER32.dll
0x00007ffbb3210000 - 0x00007ffbb33a4000 	C:\Program Files\Java\jdk1.8.0_65\jre\bin\java.dll
0x00007ffbb3b50000 - 0x00007ffbb5069000 	C:\Windows\system32\SHELL32.dll
0x00007ffbb1f10000 - 0x00007ffbb1f31000 	C:\Windows\SYSTEM32\USERENV.dll
0x00007ffbb36a0000 - 0x00007ffbb374a000 	C:\Windows\system32\KERNEL32.DLL
0x00007ffbaa540000 - 0x00007ffbaa55e000 	C:\Windows\AppPatch\Appcrt.dll0x00007ffbb5470000 - 0x00007ffbb55b1000 	C:\Windows\system32\SHLWAPI.dll
0x00007ffbb34e0000 - 0x00007ffbb3539000 	C:\Windows\system32\ole32.dll
0x00007ffbb38b0000 - 0x00007ffbb3ac1000 	C:\Windows\SYSTEM32\USERENV.dll
0x00007ffbb3750000 - 0x00007ffbb38a1000 	C:\Windows\SYSTEM32\MPR.dll
0x00007ffbb29a0000 - 0x00007ffbb29b5000 	C:\Windows\system32\RPCRT4.dll
0x00007ffbb1180000 - 0x00007ffbb1232000 	C:\Windows\SYSTEM32\combase.dll
0x00007ffbb5690000 - 0x00007ffbb56c6000 	C:\Windows\system32\IMM32.DLL
0x00007ffbb3540000 - 0x00007ffbb3693000 	C:\Windows\SYSTEM32\SHCORE.dll
0x00007ffbb0880000 - 0x00007ffbb0afb000 	C:\Windows\system32\IMM32.DLL
0x0000000069470000 - 0x0000000069542000 	C:\Program Files\Java\jdk1.8.0_65\jre\bin\msvcr100.dll
0x00000000698f0000 - 0x000000006a179000 	C:\Program Files\Java\jdk1.8.0_65\jre\bin\msvcr100.dll
0x00007ffbb0b20000 - 0x00007ffbb0b29000 	C:\Windows\SYSTEM32\WSOCK32.dll
0x00007ffbaeed0000 - 0x00007ffbaeef2000 	C:\Windows\SYSTEM32\WINMM.dll
0x00007ffbb0ce0000 - 0x00007ffbb0cea000 	C:\Windows\SYSTEM32\VERSION.dll
0x00007ffbb52b0000 - 0x00007ffbb52b7000 	C:\Windows\system32\WS2_32.dll
0x00007ffbb3ad0000 - 0x00007ffbb3b2a000 	C:\Windows\SYSTEM32\WINMMBASE.dll
0x00007ffbaee70000 - 0x00007ffbaee9a000 	C:\Windows\SYSTEM32\WINMMBASE.dll
0x00007ffbb2ee0000 - 0x00007ffbb2ee9000 	C:\Windows\SYSTEM32\DEVOBJ.dll
0x00007ffbb2e20000 - 0x00007ffbb2e6f000 	C:\Program Files\Java\jdk1.8.0_65\jre\bin\verify.dll
0x00007ffbb17a0000 - 0x00007ffbb17c8000 	C:\Windows\SYSTEM32\DEVOBJ.dll
0x00000000698e0000 - 0x00000000698ef000 	C:\Program Files\Java\jdk1.8.0_65\jre\bin\verify.dll
0x00000000698b0000 - 0x00000000698d9000 	C:\Program Files\Java\jdk1.8.0_65\jre\bin\java.dll
0x0000000069890000 - 0x00000000698a6000 	C:\Program Files\Java\jdk1.8.0_65\jre\bin\zip.dll

VM Arguments:
jvm_args: -Djava.awt.headless=true -Xmx1024M -Dfile.encoding=windows-1252 -Duser.country=US -Duser.language=en -Duser.variant 
java_command: com.android.dx.command.Main --dex --num-threads=4 --output E:\androidapp\PTcalculate\app\build\intermediates\pre-dexed\debug\com.android.support-appcompat-v7-23.2.1_14fa6301fa1320e4bfcdbd5c5314dd645c1fd252.jar E:\androidapp\PTcalculate\app\build\intermediates\exploded-aar\com.android.support\appcompat-v7\23.2.1\jars\classes.jar
java_class_path (initial): D:\allandroid\build-tools\23.0.2\lib\dx.jar
Launcher Type: SUN_STANDARD

Environment Variables:
PATH=C:\Program Files (x86)\Common Files\Intel\Shared Libraries\redist\intel64\compiler;C:\Program Files (x86)\NVIDIA Corporation\PhysX\Common;C:\ProgramData\Oracle\Java\javapath;C:\Program Files (x86)\Intel\iCLS Client\;C:\Program Files\Intel\iCLS Client\;C:\Windows\system32;C:\Windows;C:\Windows\System32\Wbem;C:\Windows\System32\WindowsPowerShell\v1.0\;C:\Program Files\Intel\Intel(R) Management Engine Components\DAL;C:\Program Files (x86)\Intel\Intel(R) Management Engine Components\DAL;C:\Program Files\Intel\Intel(R) Management Engine Components\IPT;C:\Program Files (x86)\Intel\Intel(R) Management Engine Components\IPT;C:\Program Files\nodejs\;C:\Program Files (x86)\Skype\Phone\;C:\Program Files (x86)\QuickTime\QTSystem\;C:\Users\Admin\AppData\Roaming\npm;D:\Flip 3.4.7\bin
USERNAME=Admin
OS=Windows_NT
PROCESSOR_IDENTIFIER=Intel64 Family 6 Model 60 Stepping 3, GenuineIntel



---------------  S Y S T E M  ---------------

OS: Windows 8.1 , 64 bit Build 9600 (6.3.9600.17415)

CPU:total 8 (4 cores per cpu, 2 threads per core) family 6 model 60 stepping 3, cmov, cx8, fxsr, mmx, sse, sse2, sse3, ssse3, sse4.1, sse4.2, popcnt, avx, avx2, aes, clmul, erms, rtm, lzcnt, ht, tsc, tscinvbit, bmi1, bmi2

Memory: 4k page, physical 8329612k(833732k free), swap 11475340k(4820k free)

vm_info: Java HotSpot(TM) 64-Bit Server VM (25.65-b01) for windows-amd64 JRE (1.8.0_65-b17), built on Oct  6 2015 16:39:20 by "java_re" with MS VC++ 10.0 (VS2010)

time: Fri Jul 08 21:11:53 2016
elapsed time: 0 seconds (0d 0h 0m 0s)

