#
# There is insufficient memory for the Java Runtime Environment to continue.
# Native memory allocation (malloc) failed to allocate 1048576 bytes for AllocateHeap
# Possible reasons:
#   The system is out of physical RAM or swap space
#   In 32 bit mode, the process size limit was hit
# Possible solutions:
#   Reduce memory load on the system
#   Increase physical memory or swap space
#   Check if swap backing store is full
#   Use 64 bit Java on a 64 bit OS
#   Decrease Java heap size (-Xmx/-Xms)
#   Decrease number of Java threads
#   Decrease Java thread stack sizes (-Xss)
#   Set larger code cache with -XX:ReservedCodeCacheSize=
# This output file may be truncated or incomplete.
#
#  Out of Memory Error (memory/allocation.inline.hpp:61), pid=6512, tid=7384
#
# JRE version:  (8.0_65-b17) (build )
# Java VM: Java HotSpot(TM) 64-Bit Server VM (25.65-b01 mixed mode windows-amd64 compressed oops)
# Failed to write core dump. Minidumps are not enabled by default on client versions of Windows
#

---------------  T H R E A D  ---------------

Current thread (0x00000000009ad800):  JavaThread "Unknown thread" [_thread_in_vm, id=7384, stack(0x0000000002210000,0x0000000002310000)]

Stack: [0x0000000002210000,0x0000000002310000]
[error occurred during error reporting (printing stack bounds), id 0xc0000005]

Native frames: (J=compiled Java code, j=interpreted, Vv=VM code, C=native code)


---------------  P R O C E S S  ---------------

Java Threads: ( => current thread )

Other Threads:

=>0x00000000009ad800 (exited) JavaThread "Unknown thread" [_thread_in_vm, id=7384, stack(0x0000000002210000,0x0000000002310000)]

VM state:not at safepoint (normal execution)

VM Mutex/Monitor currently owned by a thread: None

Heap:
 PSYoungGen      total 38400K, used 665K [0x00000000eab00000, 0x00000000ed580000, 0x0000000100000000)
  eden space 33280K, 2% used [0x00000000eab00000,0x00000000eaba6670,0x00000000ecb80000)
  from space 5120K, 0% used [0x00000000ed080000,0x00000000ed080000,0x00000000ed580000)
  to   space 5120K, 0% used [0x00000000ecb80000,0x00000000ecb80000,0x00000000ed080000)
 ParOldGen       total 87552K, used 0K [0x00000000c0000000, 0x00000000c5580000, 0x00000000eab00000)
  object space 87552K, 0% used [0x00000000c0000000,0x00000000c0000000,0x00000000c5580000)
 Metaspace       used 767K, capacity 4480K, committed 4480K, reserved 1056768K
  class space    used 75K, capacity 384K, committed 384K, reserved 1048576K

Card table byte_map: [0x00000000118b0000,0x0000000011ac0000] byte_map_base: 0x00000000112b0000

Marking Bits: (ParMarkBitMap*) 0x000000006a0fa5b0
 Begin Bits: [0x0000000012420000, 0x0000000013420000)
 End Bits:   [0x0000000013420000, 0x0000000014420000)

Polling page: 0x0000000000c40000

CodeCache: size=245760Kb used=328Kb max_used=328Kb free=245431Kb
 bounds [0x00000000024f0000, 0x0000000002760000, 0x00000000114f0000]
 total_blobs=57 nmethods=0 adapters=37
 compilation: enabled

Compilation events (0 events):
No events

GC Heap History (0 events):
No events

Deoptimization events (0 events):
No events

Internal exceptions (0 events):
No events

Events (10 events):
Event: 0.059 loading class java/lang/Short
Event: 0.059 loading class java/lang/Short done
Event: 0.059 loading class java/lang/Integer
Event: 0.059 loading class java/lang/Integer done
Event: 0.059 loading class java/lang/Long
Event: 0.059 loading class java/lang/Long done
Event: 0.059 loading class java/lang/NullPointerException
Event: 0.059 loading class java/lang/NullPointerException done
Event: 0.059 loading class java/lang/ArithmeticException
Event: 0.059 loading class java/lang/ArithmeticException done


Dynamic libraries:
0x00007ff7c1f00000 - 0x00007ff7c1f37000 	C:\Program Files\Java\jdk1.8.0_65\bin\java.exe
0x00007ffbb5850000 - 0x00007ffbb59fc000 	C:\Windows\SYSTEM32\ntdll.dll
0x00007ffbb30d0000 - 0x00007ffbb320e000 	C:\Windows\system32\KERNEL32.DLL
0x00007ffbb2b20000 - 0x00007ffbb2c35000 	C:\Windows\system32\KERNELBASE.dll
0x00007ffbb1520000 - 0x00007ffbb15ae000 	C:\Windows\system32\apphelp.dll
0x00007ffbad090000 - 0x00007ffbad0e3000 	C:\Windows\AppPatch\AppPatch64\AcGenral.DLL
0x00007ffbb5730000 - 0x00007ffbb57da000 	C:\Windows\system32\msvcrt.dll
0x00007ffbb27d0000 - 0x00007ffbb27fe000 	C:\Windows\SYSTEM32\SspiCli.dll
0x00007ffbb33b0000 - 0x00007ffbb3404000 	C:\Windows\system32\SHLWAPI.dll
0x00007ffbb5070000 - 0x00007ffbb51e7000 	C:\Windows\system32\USER32.dll
0x00007ffbb3210000 - 0x00007ffbb33a4000 	C:\Windows\system32\ole32.dll
0x00007ffbb3b50000 - 0x00007ffbb5069000 	C:\Windows\system32\SHELL32.dll
0x00007ffbb1f10000 - 0x00007ffbb1f31000 	C:\Windows\SYSTEM32\USERENV.dll
0x00007ffbb36a0000 - 0x00007ffbb374a000 	C:\Windows\system32\ADVAPI32.dll
0x00007ffbaa540000 - 0x00007ffbaa55e000 	C:\Windows\SYSTEM32\MPR.dll
0x00007ffbb5470000 - 0x00007ffbb55b1000 	C:\Windows\system32\RPCRT4.dll
0x00007ffbb34e0000 - 0x00007ffbb3539000 	C:\Windows\SYSTEM32\sechost.dll
0x00007ffbb38b0000 - 0x00007ffbb3ac1000 	C:\Windows\SYSTEM32\combase.dll
0x00007ffbb3750000 - 0x00007ffbb38a1000 	C:\Windows\system32\GDI32.dll
0x00007ffbb29a0000 - 0x00007ffbb29b5000 	C:\Windows\SYSTEM32\profapi.dll
0x00007ffbb1180000 - 0x00007ffbb1232000 	C:\Windows\SYSTEM32\SHCORE.dll
0x00007ffbb5690000 - 0x00007ffbb56c6000 	C:\Windows\system32\IMM32.DLL
0x00007ffbb3540000 - 0x00007ffbb3693000 	C:\Windows\system32\MSCTF.dll
0x00007ffbb0880000 - 0x00007ffbb0afb000 	C:\Windows\WinSxS\amd64_microsoft.windows.common-controls_6595b64144ccf1df_6.0.9600.17415_none_6240486fecbd8abb\COMCTL32.dll
0x0000000069470000 - 0x0000000069542000 	C:\Program Files\Java\jdk1.8.0_65\jre\bin\msvcr100.dll
0x00000000698f0000 - 0x000000006a179000 	C:\Program Files\Java\jdk1.8.0_65\jre\bin\server\jvm.dll
0x00007ffbb0b20000 - 0x00007ffbb0b29000 	C:\Windows\SYSTEM32\WSOCK32.dll
0x00007ffbaeed0000 - 0x00007ffbaeef2000 	C:\Windows\SYSTEM32\WINMM.dll
0x00007ffbb0ce0000 - 0x00007ffbb0cea000 	C:\Windows\SYSTEM32\VERSION.dll
0x00007ffbb52b0000 - 0x00007ffbb52b7000 	C:\Windows\system32\PSAPI.DLL
0x00007ffbb3ad0000 - 0x00007ffbb3b2a000 	C:\Windows\system32\WS2_32.dll
0x00007ffbaee70000 - 0x00007ffbaee9a000 	C:\Windows\SYSTEM32\WINMMBASE.dll
0x00007ffbb2ee0000 - 0x00007ffbb2ee9000 	C:\Windows\system32\NSI.dll
0x00007ffbb2e20000 - 0x00007ffbb2e6f000 	C:\Windows\SYSTEM32\cfgmgr32.dll
0x00007ffbb17a0000 - 0x00007ffbb17c8000 	C:\Windows\SYSTEM32\DEVOBJ.dll
0x00000000698e0000 - 0x00000000698ef000 	C:\Program Files\Java\jdk1.8.0_65\jre\bin\verify.dll
0x00000000698b0000 - 0x00000000698d9000 	C:\Program Files\Java\jdk1.8.0_65\jre\bin\java.dll
0x0000000069890000 - 0x00000000698a6000 	C:\Program Files\Java\jdk1.8.0_65\jre\bin\zip.dll

VM Arguments:
jvm_args: -Djava.awt.headless=true -Xmx1024M -Dfile.encoding=windows-1252 -Duser.country=US -Duser.language=en -Duser.variant 
java_command: com.android.dx.command.Main --dex --num-threads=4 --output E:\androidapp\PTcalculate\app\build\intermediates\pre-dexed\debug\debug_8e4d27beebd034b6d318ba4662438d30de672daf.jar E:\androidapp\PTcalculate\app\build\intermediates\classes\debug
java_class_path (initial): D:\allandroid\build-tools\23.0.2\lib\dx.jar
Launcher Type: SUN_STANDARD

Environment Variables:
PATH=C:\Program Files (x86)\Common Files\Intel\Shared Libraries\redist\intel64\compiler;C:\Program Files (x86)\NVIDIA Corporation\PhysX\Common;C:\ProgramData\Oracle\Java\javapath;C:\Program Files (x86)\Intel\iCLS Client\;C:\Program Files\Intel\iCLS Client\;C:\Windows\system32;C:\Windows;C:\Windows\System32\Wbem;C:\Windows\System32\WindowsPowerShell\v1.0\;C:\Program Files\Intel\Intel(R) Management Engine Components\DAL;C:\Program Files (x86)\Intel\Intel(R) Management Engine Components\DAL;C:\Program Files\Intel\Intel(R) Management Engine Components\IPT;C:\Program Files (x86)\Intel\Intel(R) Management Engine Components\IPT;C:\Program Files\nodejs\;C:\Program Files (x86)\Skype\Phone\;C:\Program Files (x86)\QuickTime\QTSystem\;C:\Users\Admin\AppData\Roaming\npm;D:\Flip 3.4.7\bin
USERNAME=Admin
OS=Windows_NT
PROCESSOR_IDENTIFIER=Intel64 Family 6 Model 60 Stepping 3, GenuineIntel



---------------  S Y S T E M  ---------------

OS: Windows 8.1 , 64 bit Build 9600 (6.3.9600.17415)

CPU:total 8 (4 cores per cpu, 2 threads per core) family 6 model 60 stepping 3, cmov, cx8, fxsr, mmx, sse, sse2, sse3, ssse3, sse4.1, sse4.2, popcnt, avx, avx2, aes, clmul, erms, rtm, lzcnt, ht, tsc, tscinvbit, bmi1, bmi2

Memory: 4k page, physical 8329612k(921488k free), swap 11475340k(4952k free)

vm_info: Java HotSpot(TM) 64-Bit Server VM (25.65-b01) for windows-amd64 JRE (1.8.0_65-b17), built on Oct  6 2015 16:39:20 by "java_re" with MS VC++ 10.0 (VS2010)

time: Fri Jul 08 19:00:51 2016
elapsed time: 0 seconds (0d 0h 0m 0s)

